SF:lib/const.dart
DA:4,0
DA:5,0
DA:6,0
DA:7,0
LF:4
LH:0
end_of_record
SF:lib/core.dart
DA:13,0
DA:15,0
DA:16,0
DA:20,0
DA:26,0
DA:27,0
DA:28,0
DA:32,0
DA:34,0
DA:35,0
DA:38,0
DA:39,0
DA:40,0
DA:41,0
DA:43,0
DA:44,0
DA:45,0
DA:46,0
DA:47,0
DA:49,0
DA:50,0
DA:51,0
DA:52,0
DA:54,0
DA:55,0
DA:56,0
DA:57,0
DA:59,0
DA:60,0
DA:61,0
DA:62,0
DA:66,0
LF:32
LH:0
end_of_record
SF:lib/pages/profile.dart
DA:9,0
DA:11,0
DA:12,0
DA:20,0
DA:25,0
DA:26,0
DA:27,0
DA:28,0
DA:29,0
DA:30,0
DA:31,0
DA:33,0
DA:34,0
DA:35,0
DA:36,0
DA:40,0
DA:41,0
DA:42,0
DA:43,0
DA:44,0
DA:45,0
DA:46,0
DA:47,0
DA:50,0
DA:51,0
DA:52,0
DA:59,0
DA:61,0
DA:62,0
DA:63,0
DA:66,0
DA:67,0
DA:68,0
DA:71,0
DA:73,0
DA:74,0
DA:75,0
DA:76,0
DA:77,0
DA:78,0
DA:82,0
DA:83,0
DA:84,0
DA:89,0
DA:91,0
DA:96,0
DA:106,0
DA:107,0
DA:110,0
DA:113,0
DA:115,0
DA:117,0
DA:119,0
DA:120,0
DA:126,0
DA:127,0
DA:129,0
DA:131,0
DA:132,0
DA:138,0
LF:60
LH:0
end_of_record
SF:lib/imgur.dart
DA:14,1
DA:15,2
DA:16,2
DA:17,2
DA:30,1
DA:31,2
DA:32,2
DA:33,2
DA:34,2
DA:35,2
DA:36,2
DA:37,2
DA:47,1
DA:49,0
DA:51,0
DA:52,0
DA:53,0
DA:55,0
DA:56,0
DA:61,0
DA:62,0
DA:64,0
DA:67,0
DA:68,0
DA:69,0
DA:70,0
DA:71,0
DA:72,0
DA:82,1
DA:83,1
DA:85,1
DA:86,1
DA:89,3
DA:90,4
DA:97,1
DA:98,3
DA:99,3
DA:100,3
DA:102,3
DA:105,1
DA:106,3
DA:107,4
DA:109,3
DA:119,1
DA:120,3
DA:121,4
DA:123,3
DA:127,1
DA:128,3
DA:129,4
DA:131,3
DA:134,1
DA:135,6
DA:136,4
DA:138,3
DA:141,1
DA:142,6
DA:143,3
DA:145,3
DA:148,1
DA:149,6
DA:150,3
DA:152,3
DA:178,1
DA:179,4
DA:180,3
DA:182,3
DA:185,1
DA:186,4
DA:187,3
DA:189,3
DA:192,1
DA:193,4
DA:194,3
DA:196,3
DA:203,1
DA:213,3
DA:214,1
DA:215,3
DA:216,3
DA:219,1
DA:220,4
DA:221,3
DA:223,3
DA:226,1
DA:227,3
DA:228,3
DA:230,3
DA:233,1
DA:238,4
DA:239,3
DA:241,3
DA:244,1
DA:249,4
DA:250,3
DA:252,3
DA:259,1
DA:260,4
DA:261,3
DA:263,3
DA:266,1
DA:267,4
DA:268,4
DA:270,3
DA:273,0
DA:274,0
DA:275,0
DA:276,0
DA:278,0
DA:283,0
DA:288,0
DA:289,0
DA:294,0
DA:302,0
DA:304,0
DA:310,0
DA:312,0
DA:313,0
DA:314,0
DA:315,0
DA:318,0
DA:319,0
DA:320,0
DA:324,0
DA:325,0
DA:327,0
DA:328,0
DA:329,0
DA:330,0
DA:331,0
DA:334,0
DA:335,0
DA:336,0
DA:337,0
DA:339,0
DA:340,0
DA:341,0
DA:342,0
DA:343,0
DA:344,0
DA:345,0
DA:347,0
DA:348,0
DA:359,0
DA:360,0
DA:362,0
DA:363,0
DA:364,0
LF:148
LH:89
end_of_record
