SF:lib/const.dart
DA:4,0
DA:5,0
DA:6,0
DA:7,0
LF:4
LH:0
end_of_record
SF:lib/core.dart
DA:15,0
DA:17,0
DA:18,0
DA:22,0
DA:28,0
DA:29,0
DA:30,0
DA:34,0
DA:36,0
DA:37,0
DA:40,0
DA:41,0
DA:42,0
DA:43,0
DA:45,0
DA:46,0
DA:47,0
DA:48,0
DA:49,0
DA:51,0
DA:52,0
DA:53,0
DA:54,0
DA:56,0
DA:57,0
DA:58,0
DA:59,0
DA:61,0
DA:62,0
DA:63,0
DA:64,0
DA:68,0
LF:32
LH:0
end_of_record
SF:lib/pages/profile.dart
DA:9,0
DA:11,0
DA:12,0
DA:19,0
DA:21,0
DA:23,0
DA:24,0
DA:25,0
DA:26,0
DA:27,0
DA:28,0
DA:29,0
DA:31,0
DA:32,0
DA:36,0
DA:40,0
DA:42,0
DA:43,0
DA:44,0
DA:45,0
DA:46,0
DA:47,0
DA:51,0
DA:52,0
DA:53,0
DA:58,0
DA:60,0
DA:68,0
DA:69,0
DA:72,0
DA:75,0
DA:76,0
DA:77,0
DA:78,0
DA:80,0
DA:82,0
DA:83,0
LF:37
LH:0
end_of_record
SF:lib/imgur.dart
DA:14,1
DA:15,2
DA:16,2
DA:17,2
DA:30,1
DA:31,2
DA:32,2
DA:33,2
DA:34,2
DA:35,2
DA:36,2
DA:37,2
DA:47,1
DA:49,0
DA:51,0
DA:52,0
DA:53,0
DA:55,0
DA:56,0
DA:61,0
DA:62,0
DA:64,0
DA:67,0
DA:68,0
DA:69,0
DA:70,0
DA:71,0
DA:72,0
DA:82,1
DA:83,1
DA:85,1
DA:86,1
DA:89,3
DA:90,4
DA:97,1
DA:98,3
DA:99,3
DA:100,3
DA:102,3
DA:105,1
DA:106,3
DA:107,4
DA:109,3
DA:112,0
DA:113,0
DA:114,0
DA:116,0
DA:119,1
DA:120,3
DA:121,4
DA:123,3
DA:127,0
DA:128,0
DA:129,0
DA:131,0
DA:134,1
DA:135,6
DA:136,4
DA:138,3
DA:141,1
DA:142,6
DA:143,3
DA:145,3
DA:172,0
DA:173,0
DA:174,0
DA:176,0
DA:179,0
DA:180,0
DA:181,0
DA:183,0
DA:186,0
DA:187,0
DA:188,0
DA:190,0
DA:197,0
DA:198,0
DA:199,0
DA:200,0
DA:201,0
DA:204,0
DA:205,0
DA:206,0
DA:208,0
DA:215,0
DA:216,0
DA:217,0
DA:219,0
DA:224,0
DA:229,0
DA:230,0
DA:235,0
DA:243,0
DA:245,0
DA:248,0
DA:250,0
DA:251,0
DA:252,0
DA:253,0
DA:256,0
DA:257,0
DA:258,0
DA:262,0
DA:263,0
DA:265,0
DA:266,0
DA:267,0
DA:268,0
DA:269,0
DA:270,0
DA:273,0
DA:276,0
DA:277,0
DA:278,0
DA:279,0
DA:280,0
DA:281,0
DA:282,0
DA:283,0
DA:285,0
DA:286,0
DA:295,0
DA:296,0
DA:298,0
DA:299,0
DA:300,0
LF:126
LH:40
end_of_record
